e:\qt\test\readxml\readxml\x64\debug\vc140.pdb
e:\qt\test\readxml\readxml\x64\debug\qrc_readxml.obj
e:\qt\test\readxml\readxml\x64\debug\readxml.obj
e:\qt\test\readxml\readxml\x64\debug\main.obj
e:\qt\test\readxml\readxml\x64\debug\config.obj
e:\qt\test\readxml\readxml\x64\debug\moc_readxml.obj
e:\qt\test\readxml\x64\debug\readxml.ilk
e:\qt\test\readxml\x64\debug\readxml.exe
e:\qt\test\readxml\x64\debug\readxml.pdb
e:\qt\test\readxml\readxml\x64\debug\moc\moc_readxml.cpp
e:\qt\test\readxml\readxml\x64\debug\rcc\qrc_readxml.cpp
e:\qt\test\readxml\readxml\x64\debug\uic\ui_readxml.h
e:\qt\test\readxml\readxml\x64\debug\readxml.tlog\cl.command.1.tlog
e:\qt\test\readxml\readxml\x64\debug\readxml.tlog\cl.read.1.tlog
e:\qt\test\readxml\readxml\x64\debug\readxml.tlog\cl.write.1.tlog
e:\qt\test\readxml\readxml\x64\debug\readxml.tlog\link.command.1.tlog
e:\qt\test\readxml\readxml\x64\debug\readxml.tlog\link.read.1.tlog
e:\qt\test\readxml\readxml\x64\debug\readxml.tlog\link.write.1.tlog
e:\qt\test\readxml\readxml\x64\debug\readxml.tlog\moc.read.1u.tlog
e:\qt\test\readxml\readxml\x64\debug\readxml.tlog\moc.write.1u.tlog
e:\qt\test\readxml\readxml\x64\debug\readxml.tlog\rcc.read.1u.tlog
e:\qt\test\readxml\readxml\x64\debug\readxml.tlog\rcc.write.1u.tlog
e:\qt\test\readxml\readxml\x64\debug\readxml.tlog\readxml.write.1u.tlog
e:\qt\test\readxml\readxml\x64\debug\readxml.tlog\uic.read.1u.tlog
e:\qt\test\readxml\readxml\x64\debug\readxml.tlog\uic.write.1u.tlog
